The system is: Linux - 3.16.0-30-generic - i686
Compiling the C compiler identification source file "CMakeCCompilerId.c" succeeded.
Compiler: /usr/bin/cc 
Build flags: 
Id flags: 

The output was:
0


Compilation of the C compiler identification source "CMakeCCompilerId.c" produced "a.out"

The C compiler identification is GNU, found in "/home/orange/srslte_m/build/CMakeFiles/2.8.12.2/CompilerIdC/a.out"

Compiling the CXX compiler identification source file "CMakeCXXCompilerId.cpp" succeeded.
Compiler: /usr/bin/c++ 
Build flags: 
Id flags: 

The output was:
0


Compilation of the CXX compiler identification source "CMakeCXXCompilerId.cpp" produced "a.out"

The CXX compiler identification is GNU, found in "/home/orange/srslte_m/build/CMakeFiles/2.8.12.2/CompilerIdCXX/a.out"

Determining if the C compiler works passed with the following output:
Change Dir: /home/orange/srslte_m/build/CMakeFiles/CMakeTmp

Run Build Command:/usr/bin/make "cmTryCompileExec3542746203/fast"
/usr/bin/make -f CMakeFiles/cmTryCompileExec3542746203.dir/build.make CMakeFiles/cmTryCompileExec3542746203.dir/build
make[1]: Entering directory `/home/orange/srslte_m/build/CMakeFiles/CMakeTmp'
/usr/bin/cmake -E cmake_progress_report /home/orange/srslte_m/build/CMakeFiles/CMakeTmp/CMakeFiles 1
Building C object CMakeFiles/cmTryCompileExec3542746203.dir/testCCompiler.c.o
/usr/bin/cc    -o CMakeFiles/cmTryCompileExec3542746203.dir/testCCompiler.c.o   -c /home/orange/srslte_m/build/CMakeFiles/CMakeTmp/testCCompiler.c
Linking C executable cmTryCompileExec3542746203
/usr/bin/cmake -E cmake_link_script CMakeFiles/cmTryCompileExec3542746203.dir/link.txt --verbose=1
/usr/bin/cc       CMakeFiles/cmTryCompileExec3542746203.dir/testCCompiler.c.o  -o cmTryCompileExec3542746203 -rdynamic 
make[1]: Leaving directory `/home/orange/srslte_m/build/CMakeFiles/CMakeTmp'


Detecting C compiler ABI info compiled with the following output:
Change Dir: /home/orange/srslte_m/build/CMakeFiles/CMakeTmp

Run Build Command:/usr/bin/make "cmTryCompileExec2448456605/fast"
/usr/bin/make -f CMakeFiles/cmTryCompileExec2448456605.dir/build.make CMakeFiles/cmTryCompileExec2448456605.dir/build
make[1]: Entering directory `/home/orange/srslte_m/build/CMakeFiles/CMakeTmp'
/usr/bin/cmake -E cmake_progress_report /home/orange/srslte_m/build/CMakeFiles/CMakeTmp/CMakeFiles 1
Building C object CMakeFiles/cmTryCompileExec2448456605.dir/CMakeCCompilerABI.c.o
/usr/bin/cc    -o CMakeFiles/cmTryCompileExec2448456605.dir/CMakeCCompilerABI.c.o   -c /usr/share/cmake-2.8/Modules/CMakeCCompilerABI.c
Linking C executable cmTryCompileExec2448456605
/usr/bin/cmake -E cmake_link_script CMakeFiles/cmTryCompileExec2448456605.dir/link.txt --verbose=1
/usr/bin/cc     -v CMakeFiles/cmTryCompileExec2448456605.dir/CMakeCCompilerABI.c.o  -o cmTryCompileExec2448456605 -rdynamic  
Using built-in specs.
COLLECT_GCC=/usr/bin/cc
COLLECT_LTO_WRAPPER=/usr/lib/gcc/i686-linux-gnu/4.8/lto-wrapper
Target: i686-linux-gnu
Configured with: ../src/configure -v --with-pkgversion='Ubuntu 4.8.2-19ubuntu1' --with-bugurl=file:///usr/share/doc/gcc-4.8/README.Bugs --enable-languages=c,c++,java,go,d,fortran,objc,obj-c++ --prefix=/usr --program-suffix=-4.8 --enable-shared --enable-linker-build-id --libexecdir=/usr/lib --without-included-gettext --enable-threads=posix --with-gxx-include-dir=/usr/include/c++/4.8 --libdir=/usr/lib --enable-nls --with-sysroot=/ --enable-clocale=gnu --enable-libstdcxx-debug --enable-libstdcxx-time=yes --enable-gnu-unique-object --disable-libmudflap --enable-plugin --with-system-zlib --disable-browser-plugin --enable-java-awt=gtk --enable-gtk-cairo --with-java-home=/usr/lib/jvm/java-1.5.0-gcj-4.8-i386/jre --enable-java-home --with-jvm-root-dir=/usr/lib/jvm/java-1.5.0-gcj-4.8-i386 --with-jvm-jar-dir=/usr/lib/jvm-exports/java-1.5.0-gcj-4.8-i386 --with-arch-directory=i386 --with-ecj-jar=/usr/share/java/eclipse-ecj.jar --enable-objc-gc --enable-targets=all --enable-multiarch --disable-werror --with-arch-32=i686 --with-multilib-list=m32,m64,mx32 --with-tune=generic --enable-checking=release --build=i686-linux-gnu --host=i686-linux-gnu --target=i686-linux-gnu
Thread model: posix
gcc version 4.8.2 (Ubuntu 4.8.2-19ubuntu1) 
COMPILER_PATH=/usr/lib/gcc/i686-linux-gnu/4.8/:/usr/lib/gcc/i686-linux-gnu/4.8/:/usr/lib/gcc/i686-linux-gnu/:/usr/lib/gcc/i686-linux-gnu/4.8/:/usr/lib/gcc/i686-linux-gnu/
LIBRARY_PATH=/usr/lib/gcc/i686-linux-gnu/4.8/:/usr/lib/gcc/i686-linux-gnu/4.8/../../../i386-linux-gnu/:/usr/lib/gcc/i686-linux-gnu/4.8/../../../../lib/:/lib/i386-linux-gnu/:/lib/../lib/:/usr/lib/i386-linux-gnu/:/usr/lib/../lib/:/usr/lib/gcc/i686-linux-gnu/4.8/../../../:/lib/:/usr/lib/
COLLECT_GCC_OPTIONS='-v' '-o' 'cmTryCompileExec2448456605' '-rdynamic' '-mtune=generic' '-march=i686'
 /usr/lib/gcc/i686-linux-gnu/4.8/collect2 --sysroot=/ --build-id --eh-frame-hdr -m elf_i386 --hash-style=gnu --as-needed -export-dynamic -dynamic-linker /lib/ld-linux.so.2 -z relro -o cmTryCompileExec2448456605 /usr/lib/gcc/i686-linux-gnu/4.8/../../../i386-linux-gnu/crt1.o /usr/lib/gcc/i686-linux-gnu/4.8/../../../i386-linux-gnu/crti.o /usr/lib/gcc/i686-linux-gnu/4.8/crtbegin.o -L/usr/lib/gcc/i686-linux-gnu/4.8 -L/usr/lib/gcc/i686-linux-gnu/4.8/../../../i386-linux-gnu -L/usr/lib/gcc/i686-linux-gnu/4.8/../../../../lib -L/lib/i386-linux-gnu -L/lib/../lib -L/usr/lib/i386-linux-gnu -L/usr/lib/../lib -L/usr/lib/gcc/i686-linux-gnu/4.8/../../.. CMakeFiles/cmTryCompileExec2448456605.dir/CMakeCCompilerABI.c.o -lgcc --as-needed -lgcc_s --no-as-needed -lc -lgcc --as-needed -lgcc_s --no-as-needed /usr/lib/gcc/i686-linux-gnu/4.8/crtend.o /usr/lib/gcc/i686-linux-gnu/4.8/../../../i386-linux-gnu/crtn.o
make[1]: Leaving directory `/home/orange/srslte_m/build/CMakeFiles/CMakeTmp'


Parsed C implicit link information from above output:
  link line regex: [^( *|.*[/\])(ld|([^/\]+-)?ld|collect2)[^/\]*( |$)]
  ignore line: [Change Dir: /home/orange/srslte_m/build/CMakeFiles/CMakeTmp]
  ignore line: []
  ignore line: [Run Build Command:/usr/bin/make "cmTryCompileExec2448456605/fast"]
  ignore line: [/usr/bin/make -f CMakeFiles/cmTryCompileExec2448456605.dir/build.make CMakeFiles/cmTryCompileExec2448456605.dir/build]
  ignore line: [make[1]: Entering directory `/home/orange/srslte_m/build/CMakeFiles/CMakeTmp']
  ignore line: [/usr/bin/cmake -E cmake_progress_report /home/orange/srslte_m/build/CMakeFiles/CMakeTmp/CMakeFiles 1]
  ignore line: [Building C object CMakeFiles/cmTryCompileExec2448456605.dir/CMakeCCompilerABI.c.o]
  ignore line: [/usr/bin/cc    -o CMakeFiles/cmTryCompileExec2448456605.dir/CMakeCCompilerABI.c.o   -c /usr/share/cmake-2.8/Modules/CMakeCCompilerABI.c]
  ignore line: [Linking C executable cmTryCompileExec2448456605]
  ignore line: [/usr/bin/cmake -E cmake_link_script CMakeFiles/cmTryCompileExec2448456605.dir/link.txt --verbose=1]
  ignore line: [/usr/bin/cc     -v CMakeFiles/cmTryCompileExec2448456605.dir/CMakeCCompilerABI.c.o  -o cmTryCompileExec2448456605 -rdynamic  ]
  ignore line: [Using built-in specs.]
  ignore line: [COLLECT_GCC=/usr/bin/cc]
  ignore line: [COLLECT_LTO_WRAPPER=/usr/lib/gcc/i686-linux-gnu/4.8/lto-wrapper]
  ignore line: [Target: i686-linux-gnu]
  ignore line: [Configured with: ../src/configure -v --with-pkgversion='Ubuntu 4.8.2-19ubuntu1' --with-bugurl=file:///usr/share/doc/gcc-4.8/README.Bugs --enable-languages=c,c++,java,go,d,fortran,objc,obj-c++ --prefix=/usr --program-suffix=-4.8 --enable-shared --enable-linker-build-id --libexecdir=/usr/lib --without-included-gettext --enable-threads=posix --with-gxx-include-dir=/usr/include/c++/4.8 --libdir=/usr/lib --enable-nls --with-sysroot=/ --enable-clocale=gnu --enable-libstdcxx-debug --enable-libstdcxx-time=yes --enable-gnu-unique-object --disable-libmudflap --enable-plugin --with-system-zlib --disable-browser-plugin --enable-java-awt=gtk --enable-gtk-cairo --with-java-home=/usr/lib/jvm/java-1.5.0-gcj-4.8-i386/jre --enable-java-home --with-jvm-root-dir=/usr/lib/jvm/java-1.5.0-gcj-4.8-i386 --with-jvm-jar-dir=/usr/lib/jvm-exports/java-1.5.0-gcj-4.8-i386 --with-arch-directory=i386 --with-ecj-jar=/usr/share/java/eclipse-ecj.jar --enable-objc-gc --enable-targets=all --enable-multiarch --disable-werror --with-arch-32=i686 --with-multilib-list=m32,m64,mx32 --with-tune=generic --enable-checking=release --build=i686-linux-gnu --host=i686-linux-gnu --target=i686-linux-gnu]
  ignore line: [Thread model: posix]
  ignore line: [gcc version 4.8.2 (Ubuntu 4.8.2-19ubuntu1) ]
  ignore line: [COMPILER_PATH=/usr/lib/gcc/i686-linux-gnu/4.8/:/usr/lib/gcc/i686-linux-gnu/4.8/:/usr/lib/gcc/i686-linux-gnu/:/usr/lib/gcc/i686-linux-gnu/4.8/:/usr/lib/gcc/i686-linux-gnu/]
  ignore line: [LIBRARY_PATH=/usr/lib/gcc/i686-linux-gnu/4.8/:/usr/lib/gcc/i686-linux-gnu/4.8/../../../i386-linux-gnu/:/usr/lib/gcc/i686-linux-gnu/4.8/../../../../lib/:/lib/i386-linux-gnu/:/lib/../lib/:/usr/lib/i386-linux-gnu/:/usr/lib/../lib/:/usr/lib/gcc/i686-linux-gnu/4.8/../../../:/lib/:/usr/lib/]
  ignore line: [COLLECT_GCC_OPTIONS='-v' '-o' 'cmTryCompileExec2448456605' '-rdynamic' '-mtune=generic' '-march=i686']
  link line: [ /usr/lib/gcc/i686-linux-gnu/4.8/collect2 --sysroot=/ --build-id --eh-frame-hdr -m elf_i386 --hash-style=gnu --as-needed -export-dynamic -dynamic-linker /lib/ld-linux.so.2 -z relro -o cmTryCompileExec2448456605 /usr/lib/gcc/i686-linux-gnu/4.8/../../../i386-linux-gnu/crt1.o /usr/lib/gcc/i686-linux-gnu/4.8/../../../i386-linux-gnu/crti.o /usr/lib/gcc/i686-linux-gnu/4.8/crtbegin.o -L/usr/lib/gcc/i686-linux-gnu/4.8 -L/usr/lib/gcc/i686-linux-gnu/4.8/../../../i386-linux-gnu -L/usr/lib/gcc/i686-linux-gnu/4.8/../../../../lib -L/lib/i386-linux-gnu -L/lib/../lib -L/usr/lib/i386-linux-gnu -L/usr/lib/../lib -L/usr/lib/gcc/i686-linux-gnu/4.8/../../.. CMakeFiles/cmTryCompileExec2448456605.dir/CMakeCCompilerABI.c.o -lgcc --as-needed -lgcc_s --no-as-needed -lc -lgcc --as-needed -lgcc_s --no-as-needed /usr/lib/gcc/i686-linux-gnu/4.8/crtend.o /usr/lib/gcc/i686-linux-gnu/4.8/../../../i386-linux-gnu/crtn.o]
    arg [/usr/lib/gcc/i686-linux-gnu/4.8/collect2] ==> ignore
    arg [--sysroot=/] ==> ignore
    arg [--build-id] ==> ignore
    arg [--eh-frame-hdr] ==> ignore
    arg [-m] ==> ignore
    arg [elf_i386] ==> ignore
    arg [--hash-style=gnu] ==> ignore
    arg [--as-needed] ==> ignore
    arg [-export-dynamic] ==> ignore
    arg [-dynamic-linker] ==> ignore
    arg [/lib/ld-linux.so.2] ==> ignore
    arg [-zrelro] ==> ignore
    arg [-o] ==> ignore
    arg [cmTryCompileExec2448456605] ==> ignore
    arg [/usr/lib/gcc/i686-linux-gnu/4.8/../../../i386-linux-gnu/crt1.o] ==> ignore
    arg [/usr/lib/gcc/i686-linux-gnu/4.8/../../../i386-linux-gnu/crti.o] ==> ignore
    arg [/usr/lib/gcc/i686-linux-gnu/4.8/crtbegin.o] ==> ignore
    arg [-L/usr/lib/gcc/i686-linux-gnu/4.8] ==> dir [/usr/lib/gcc/i686-linux-gnu/4.8]
    arg [-L/usr/lib/gcc/i686-linux-gnu/4.8/../../../i386-linux-gnu] ==> dir [/usr/lib/gcc/i686-linux-gnu/4.8/../../../i386-linux-gnu]
    arg [-L/usr/lib/gcc/i686-linux-gnu/4.8/../../../../lib] ==> dir [/usr/lib/gcc/i686-linux-gnu/4.8/../../../../lib]
    arg [-L/lib/i386-linux-gnu] ==> dir [/lib/i386-linux-gnu]
    arg [-L/lib/../lib] ==> dir [/lib/../lib]
    arg [-L/usr/lib/i386-linux-gnu] ==> dir [/usr/lib/i386-linux-gnu]
    arg [-L/usr/lib/../lib] ==> dir [/usr/lib/../lib]
    arg [-L/usr/lib/gcc/i686-linux-gnu/4.8/../../..] ==> dir [/usr/lib/gcc/i686-linux-gnu/4.8/../../..]
    arg [CMakeFiles/cmTryCompileExec2448456605.dir/CMakeCCompilerABI.c.o] ==> ignore
    arg [-lgcc] ==> lib [gcc]
    arg [--as-needed] ==> ignore
    arg [-lgcc_s] ==> lib [gcc_s]
    arg [--no-as-needed] ==> ignore
    arg [-lc] ==> lib [c]
    arg [-lgcc] ==> lib [gcc]
    arg [--as-needed] ==> ignore
    arg [-lgcc_s] ==> lib [gcc_s]
    arg [--no-as-needed] ==> ignore
    arg [/usr/lib/gcc/i686-linux-gnu/4.8/crtend.o] ==> ignore
    arg [/usr/lib/gcc/i686-linux-gnu/4.8/../../../i386-linux-gnu/crtn.o] ==> ignore
  remove lib [gcc]
  remove lib [gcc_s]
  remove lib [gcc]
  remove lib [gcc_s]
  collapse library dir [/usr/lib/gcc/i686-linux-gnu/4.8] ==> [/usr/lib/gcc/i686-linux-gnu/4.8]
  collapse library dir [/usr/lib/gcc/i686-linux-gnu/4.8/../../../i386-linux-gnu] ==> [/usr/lib/i386-linux-gnu]
  collapse library dir [/usr/lib/gcc/i686-linux-gnu/4.8/../../../../lib] ==> [/usr/lib]
  collapse library dir [/lib/i386-linux-gnu] ==> [/lib/i386-linux-gnu]
  collapse library dir [/lib/../lib] ==> [/lib]
  collapse library dir [/usr/lib/i386-linux-gnu] ==> [/usr/lib/i386-linux-gnu]
  collapse library dir [/usr/lib/../lib] ==> [/usr/lib]
  collapse library dir [/usr/lib/gcc/i686-linux-gnu/4.8/../../..] ==> [/usr/lib]
  implicit libs: [c]
  implicit dirs: [/usr/lib/gcc/i686-linux-gnu/4.8;/usr/lib/i386-linux-gnu;/usr/lib;/lib/i386-linux-gnu;/lib]
  implicit fwks: []


Determining if the CXX compiler works passed with the following output:
Change Dir: /home/orange/srslte_m/build/CMakeFiles/CMakeTmp

Run Build Command:/usr/bin/make "cmTryCompileExec3506094465/fast"
/usr/bin/make -f CMakeFiles/cmTryCompileExec3506094465.dir/build.make CMakeFiles/cmTryCompileExec3506094465.dir/build
make[1]: Entering directory `/home/orange/srslte_m/build/CMakeFiles/CMakeTmp'
/usr/bin/cmake -E cmake_progress_report /home/orange/srslte_m/build/CMakeFiles/CMakeTmp/CMakeFiles 1
Building CXX object CMakeFiles/cmTryCompileExec3506094465.dir/testCXXCompiler.cxx.o
/usr/bin/c++     -o CMakeFiles/cmTryCompileExec3506094465.dir/testCXXCompiler.cxx.o -c /home/orange/srslte_m/build/CMakeFiles/CMakeTmp/testCXXCompiler.cxx
Linking CXX executable cmTryCompileExec3506094465
/usr/bin/cmake -E cmake_link_script CMakeFiles/cmTryCompileExec3506094465.dir/link.txt --verbose=1
/usr/bin/c++        CMakeFiles/cmTryCompileExec3506094465.dir/testCXXCompiler.cxx.o  -o cmTryCompileExec3506094465 -rdynamic 
make[1]: Leaving directory `/home/orange/srslte_m/build/CMakeFiles/CMakeTmp'


Detecting CXX compiler ABI info compiled with the following output:
Change Dir: /home/orange/srslte_m/build/CMakeFiles/CMakeTmp

Run Build Command:/usr/bin/make "cmTryCompileExec2605822173/fast"
/usr/bin/make -f CMakeFiles/cmTryCompileExec2605822173.dir/build.make CMakeFiles/cmTryCompileExec2605822173.dir/build
make[1]: Entering directory `/home/orange/srslte_m/build/CMakeFiles/CMakeTmp'
/usr/bin/cmake -E cmake_progress_report /home/orange/srslte_m/build/CMakeFiles/CMakeTmp/CMakeFiles 1
Building CXX object CMakeFiles/cmTryCompileExec2605822173.dir/CMakeCXXCompilerABI.cpp.o
/usr/bin/c++     -o CMakeFiles/cmTryCompileExec2605822173.dir/CMakeCXXCompilerABI.cpp.o -c /usr/share/cmake-2.8/Modules/CMakeCXXCompilerABI.cpp
Linking CXX executable cmTryCompileExec2605822173
/usr/bin/cmake -E cmake_link_script CMakeFiles/cmTryCompileExec2605822173.dir/link.txt --verbose=1
/usr/bin/c++      -v CMakeFiles/cmTryCompileExec2605822173.dir/CMakeCXXCompilerABI.cpp.o  -o cmTryCompileExec2605822173 -rdynamic  
Using built-in specs.
COLLECT_GCC=/usr/bin/c++
COLLECT_LTO_WRAPPER=/usr/lib/gcc/i686-linux-gnu/4.8/lto-wrapper
Target: i686-linux-gnu
Configured with: ../src/configure -v --with-pkgversion='Ubuntu 4.8.2-19ubuntu1' --with-bugurl=file:///usr/share/doc/gcc-4.8/README.Bugs --enable-languages=c,c++,java,go,d,fortran,objc,obj-c++ --prefix=/usr --program-suffix=-4.8 --enable-shared --enable-linker-build-id --libexecdir=/usr/lib --without-included-gettext --enable-threads=posix --with-gxx-include-dir=/usr/include/c++/4.8 --libdir=/usr/lib --enable-nls --with-sysroot=/ --enable-clocale=gnu --enable-libstdcxx-debug --enable-libstdcxx-time=yes --enable-gnu-unique-object --disable-libmudflap --enable-plugin --with-system-zlib --disable-browser-plugin --enable-java-awt=gtk --enable-gtk-cairo --with-java-home=/usr/lib/jvm/java-1.5.0-gcj-4.8-i386/jre --enable-java-home --with-jvm-root-dir=/usr/lib/jvm/java-1.5.0-gcj-4.8-i386 --with-jvm-jar-dir=/usr/lib/jvm-exports/java-1.5.0-gcj-4.8-i386 --with-arch-directory=i386 --with-ecj-jar=/usr/share/java/eclipse-ecj.jar --enable-objc-gc --enable-targets=all --enable-multiarch --disable-werror --with-arch-32=i686 --with-multilib-list=m32,m64,mx32 --with-tune=generic --enable-checking=release --build=i686-linux-gnu --host=i686-linux-gnu --target=i686-linux-gnu
Thread model: posix
gcc version 4.8.2 (Ubuntu 4.8.2-19ubuntu1) 
COMPILER_PATH=/usr/lib/gcc/i686-linux-gnu/4.8/:/usr/lib/gcc/i686-linux-gnu/4.8/:/usr/lib/gcc/i686-linux-gnu/:/usr/lib/gcc/i686-linux-gnu/4.8/:/usr/lib/gcc/i686-linux-gnu/
LIBRARY_PATH=/usr/lib/gcc/i686-linux-gnu/4.8/:/usr/lib/gcc/i686-linux-gnu/4.8/../../../i386-linux-gnu/:/usr/lib/gcc/i686-linux-gnu/4.8/../../../../lib/:/lib/i386-linux-gnu/:/lib/../lib/:/usr/lib/i386-linux-gnu/:/usr/lib/../lib/:/usr/lib/gcc/i686-linux-gnu/4.8/../../../:/lib/:/usr/lib/
COLLECT_GCC_OPTIONS='-v' '-o' 'cmTryCompileExec2605822173' '-rdynamic' '-shared-libgcc' '-mtune=generic' '-march=i686'
 /usr/lib/gcc/i686-linux-gnu/4.8/collect2 --sysroot=/ --build-id --eh-frame-hdr -m elf_i386 --hash-style=gnu --as-needed -export-dynamic -dynamic-linker /lib/ld-linux.so.2 -z relro -o cmTryCompileExec2605822173 /usr/lib/gcc/i686-linux-gnu/4.8/../../../i386-linux-gnu/crt1.o /usr/lib/gcc/i686-linux-gnu/4.8/../../../i386-linux-gnu/crti.o /usr/lib/gcc/i686-linux-gnu/4.8/crtbegin.o -L/usr/lib/gcc/i686-linux-gnu/4.8 -L/usr/lib/gcc/i686-linux-gnu/4.8/../../../i386-linux-gnu -L/usr/lib/gcc/i686-linux-gnu/4.8/../../../../lib -L/lib/i386-linux-gnu -L/lib/../lib -L/usr/lib/i386-linux-gnu -L/usr/lib/../lib -L/usr/lib/gcc/i686-linux-gnu/4.8/../../.. CMakeFiles/cmTryCompileExec2605822173.dir/CMakeCXXCompilerABI.cpp.o -lstdc++ -lm -lgcc_s -lgcc -lc -lgcc_s -lgcc /usr/lib/gcc/i686-linux-gnu/4.8/crtend.o /usr/lib/gcc/i686-linux-gnu/4.8/../../../i386-linux-gnu/crtn.o
make[1]: Leaving directory `/home/orange/srslte_m/build/CMakeFiles/CMakeTmp'


Parsed CXX implicit link information from above output:
  link line regex: [^( *|.*[/\])(ld|([^/\]+-)?ld|collect2)[^/\]*( |$)]
  ignore line: [Change Dir: /home/orange/srslte_m/build/CMakeFiles/CMakeTmp]
  ignore line: []
  ignore line: [Run Build Command:/usr/bin/make "cmTryCompileExec2605822173/fast"]
  ignore line: [/usr/bin/make -f CMakeFiles/cmTryCompileExec2605822173.dir/build.make CMakeFiles/cmTryCompileExec2605822173.dir/build]
  ignore line: [make[1]: Entering directory `/home/orange/srslte_m/build/CMakeFiles/CMakeTmp']
  ignore line: [/usr/bin/cmake -E cmake_progress_report /home/orange/srslte_m/build/CMakeFiles/CMakeTmp/CMakeFiles 1]
  ignore line: [Building CXX object CMakeFiles/cmTryCompileExec2605822173.dir/CMakeCXXCompilerABI.cpp.o]
  ignore line: [/usr/bin/c++     -o CMakeFiles/cmTryCompileExec2605822173.dir/CMakeCXXCompilerABI.cpp.o -c /usr/share/cmake-2.8/Modules/CMakeCXXCompilerABI.cpp]
  ignore line: [Linking CXX executable cmTryCompileExec2605822173]
  ignore line: [/usr/bin/cmake -E cmake_link_script CMakeFiles/cmTryCompileExec2605822173.dir/link.txt --verbose=1]
  ignore line: [/usr/bin/c++      -v CMakeFiles/cmTryCompileExec2605822173.dir/CMakeCXXCompilerABI.cpp.o  -o cmTryCompileExec2605822173 -rdynamic  ]
  ignore line: [Using built-in specs.]
  ignore line: [COLLECT_GCC=/usr/bin/c++]
  ignore line: [COLLECT_LTO_WRAPPER=/usr/lib/gcc/i686-linux-gnu/4.8/lto-wrapper]
  ignore line: [Target: i686-linux-gnu]
  ignore line: [Configured with: ../src/configure -v --with-pkgversion='Ubuntu 4.8.2-19ubuntu1' --with-bugurl=file:///usr/share/doc/gcc-4.8/README.Bugs --enable-languages=c,c++,java,go,d,fortran,objc,obj-c++ --prefix=/usr --program-suffix=-4.8 --enable-shared --enable-linker-build-id --libexecdir=/usr/lib --without-included-gettext --enable-threads=posix --with-gxx-include-dir=/usr/include/c++/4.8 --libdir=/usr/lib --enable-nls --with-sysroot=/ --enable-clocale=gnu --enable-libstdcxx-debug --enable-libstdcxx-time=yes --enable-gnu-unique-object --disable-libmudflap --enable-plugin --with-system-zlib --disable-browser-plugin --enable-java-awt=gtk --enable-gtk-cairo --with-java-home=/usr/lib/jvm/java-1.5.0-gcj-4.8-i386/jre --enable-java-home --with-jvm-root-dir=/usr/lib/jvm/java-1.5.0-gcj-4.8-i386 --with-jvm-jar-dir=/usr/lib/jvm-exports/java-1.5.0-gcj-4.8-i386 --with-arch-directory=i386 --with-ecj-jar=/usr/share/java/eclipse-ecj.jar --enable-objc-gc --enable-targets=all --enable-multiarch --disable-werror --with-arch-32=i686 --with-multilib-list=m32,m64,mx32 --with-tune=generic --enable-checking=release --build=i686-linux-gnu --host=i686-linux-gnu --target=i686-linux-gnu]
  ignore line: [Thread model: posix]
  ignore line: [gcc version 4.8.2 (Ubuntu 4.8.2-19ubuntu1) ]
  ignore line: [COMPILER_PATH=/usr/lib/gcc/i686-linux-gnu/4.8/:/usr/lib/gcc/i686-linux-gnu/4.8/:/usr/lib/gcc/i686-linux-gnu/:/usr/lib/gcc/i686-linux-gnu/4.8/:/usr/lib/gcc/i686-linux-gnu/]
  ignore line: [LIBRARY_PATH=/usr/lib/gcc/i686-linux-gnu/4.8/:/usr/lib/gcc/i686-linux-gnu/4.8/../../../i386-linux-gnu/:/usr/lib/gcc/i686-linux-gnu/4.8/../../../../lib/:/lib/i386-linux-gnu/:/lib/../lib/:/usr/lib/i386-linux-gnu/:/usr/lib/../lib/:/usr/lib/gcc/i686-linux-gnu/4.8/../../../:/lib/:/usr/lib/]
  ignore line: [COLLECT_GCC_OPTIONS='-v' '-o' 'cmTryCompileExec2605822173' '-rdynamic' '-shared-libgcc' '-mtune=generic' '-march=i686']
  link line: [ /usr/lib/gcc/i686-linux-gnu/4.8/collect2 --sysroot=/ --build-id --eh-frame-hdr -m elf_i386 --hash-style=gnu --as-needed -export-dynamic -dynamic-linker /lib/ld-linux.so.2 -z relro -o cmTryCompileExec2605822173 /usr/lib/gcc/i686-linux-gnu/4.8/../../../i386-linux-gnu/crt1.o /usr/lib/gcc/i686-linux-gnu/4.8/../../../i386-linux-gnu/crti.o /usr/lib/gcc/i686-linux-gnu/4.8/crtbegin.o -L/usr/lib/gcc/i686-linux-gnu/4.8 -L/usr/lib/gcc/i686-linux-gnu/4.8/../../../i386-linux-gnu -L/usr/lib/gcc/i686-linux-gnu/4.8/../../../../lib -L/lib/i386-linux-gnu -L/lib/../lib -L/usr/lib/i386-linux-gnu -L/usr/lib/../lib -L/usr/lib/gcc/i686-linux-gnu/4.8/../../.. CMakeFiles/cmTryCompileExec2605822173.dir/CMakeCXXCompilerABI.cpp.o -lstdc++ -lm -lgcc_s -lgcc -lc -lgcc_s -lgcc /usr/lib/gcc/i686-linux-gnu/4.8/crtend.o /usr/lib/gcc/i686-linux-gnu/4.8/../../../i386-linux-gnu/crtn.o]
    arg [/usr/lib/gcc/i686-linux-gnu/4.8/collect2] ==> ignore
    arg [--sysroot=/] ==> ignore
    arg [--build-id] ==> ignore
    arg [--eh-frame-hdr] ==> ignore
    arg [-m] ==> ignore
    arg [elf_i386] ==> ignore
    arg [--hash-style=gnu] ==> ignore
    arg [--as-needed] ==> ignore
    arg [-export-dynamic] ==> ignore
    arg [-dynamic-linker] ==> ignore
    arg [/lib/ld-linux.so.2] ==> ignore
    arg [-zrelro] ==> ignore
    arg [-o] ==> ignore
    arg [cmTryCompileExec2605822173] ==> ignore
    arg [/usr/lib/gcc/i686-linux-gnu/4.8/../../../i386-linux-gnu/crt1.o] ==> ignore
    arg [/usr/lib/gcc/i686-linux-gnu/4.8/../../../i386-linux-gnu/crti.o] ==> ignore
    arg [/usr/lib/gcc/i686-linux-gnu/4.8/crtbegin.o] ==> ignore
    arg [-L/usr/lib/gcc/i686-linux-gnu/4.8] ==> dir [/usr/lib/gcc/i686-linux-gnu/4.8]
    arg [-L/usr/lib/gcc/i686-linux-gnu/4.8/../../../i386-linux-gnu] ==> dir [/usr/lib/gcc/i686-linux-gnu/4.8/../../../i386-linux-gnu]
    arg [-L/usr/lib/gcc/i686-linux-gnu/4.8/../../../../lib] ==> dir [/usr/lib/gcc/i686-linux-gnu/4.8/../../../../lib]
    arg [-L/lib/i386-linux-gnu] ==> dir [/lib/i386-linux-gnu]
    arg [-L/lib/../lib] ==> dir [/lib/../lib]
    arg [-L/usr/lib/i386-linux-gnu] ==> dir [/usr/lib/i386-linux-gnu]
    arg [-L/usr/lib/../lib] ==> dir [/usr/lib/../lib]
    arg [-L/usr/lib/gcc/i686-linux-gnu/4.8/../../..] ==> dir [/usr/lib/gcc/i686-linux-gnu/4.8/../../..]
    arg [CMakeFiles/cmTryCompileExec2605822173.dir/CMakeCXXCompilerABI.cpp.o] ==> ignore
    arg [-lstdc++] ==> lib [stdc++]
    arg [-lm] ==> lib [m]
    arg [-lgcc_s] ==> lib [gcc_s]
    arg [-lgcc] ==> lib [gcc]
    arg [-lc] ==> lib [c]
    arg [-lgcc_s] ==> lib [gcc_s]
    arg [-lgcc] ==> lib [gcc]
    arg [/usr/lib/gcc/i686-linux-gnu/4.8/crtend.o] ==> ignore
    arg [/usr/lib/gcc/i686-linux-gnu/4.8/../../../i386-linux-gnu/crtn.o] ==> ignore
  remove lib [gcc_s]
  remove lib [gcc]
  remove lib [gcc_s]
  remove lib [gcc]
  collapse library dir [/usr/lib/gcc/i686-linux-gnu/4.8] ==> [/usr/lib/gcc/i686-linux-gnu/4.8]
  collapse library dir [/usr/lib/gcc/i686-linux-gnu/4.8/../../../i386-linux-gnu] ==> [/usr/lib/i386-linux-gnu]
  collapse library dir [/usr/lib/gcc/i686-linux-gnu/4.8/../../../../lib] ==> [/usr/lib]
  collapse library dir [/lib/i386-linux-gnu] ==> [/lib/i386-linux-gnu]
  collapse library dir [/lib/../lib] ==> [/lib]
  collapse library dir [/usr/lib/i386-linux-gnu] ==> [/usr/lib/i386-linux-gnu]
  collapse library dir [/usr/lib/../lib] ==> [/usr/lib]
  collapse library dir [/usr/lib/gcc/i686-linux-gnu/4.8/../../..] ==> [/usr/lib]
  implicit libs: [stdc++;m;c]
  implicit dirs: [/usr/lib/gcc/i686-linux-gnu/4.8;/usr/lib/i386-linux-gnu;/usr/lib;/lib/i386-linux-gnu;/lib]
  implicit fwks: []


Performing C++ SOURCE FILE Test HAVE_VISIBILITY_HIDDEN succeded with the following output:
Change Dir: /home/orange/srslte_m/build/CMakeFiles/CMakeTmp

Run Build Command:/usr/bin/make "cmTryCompileExec1587079436/fast"
/usr/bin/make -f CMakeFiles/cmTryCompileExec1587079436.dir/build.make CMakeFiles/cmTryCompileExec1587079436.dir/build
make[1]: Entering directory `/home/orange/srslte_m/build/CMakeFiles/CMakeTmp'
/usr/bin/cmake -E cmake_progress_report /home/orange/srslte_m/build/CMakeFiles/CMakeTmp/CMakeFiles 1
Building CXX object CMakeFiles/cmTryCompileExec1587079436.dir/src.cxx.o
/usr/bin/c++    -DHAVE_VISIBILITY_HIDDEN   -fvisibility=hidden -o CMakeFiles/cmTryCompileExec1587079436.dir/src.cxx.o -c /home/orange/srslte_m/build/CMakeFiles/CMakeTmp/src.cxx
Linking CXX executable cmTryCompileExec1587079436
/usr/bin/cmake -E cmake_link_script CMakeFiles/cmTryCompileExec1587079436.dir/link.txt --verbose=1
/usr/bin/c++    -DHAVE_VISIBILITY_HIDDEN    CMakeFiles/cmTryCompileExec1587079436.dir/src.cxx.o  -o cmTryCompileExec1587079436 -rdynamic 
make[1]: Leaving directory `/home/orange/srslte_m/build/CMakeFiles/CMakeTmp'

Source file was:
int main() { return 0;}
Determining if the function volk_32f_index_max_16u exists passed with the following output:
Change Dir: /home/orange/srslte_m/build/CMakeFiles/CMakeTmp

Run Build Command:/usr/bin/make "cmTryCompileExec3139535898/fast"
/usr/bin/make -f CMakeFiles/cmTryCompileExec3139535898.dir/build.make CMakeFiles/cmTryCompileExec3139535898.dir/build
make[1]: Entering directory `/home/orange/srslte_m/build/CMakeFiles/CMakeTmp'
/usr/bin/cmake -E cmake_progress_report /home/orange/srslte_m/build/CMakeFiles/CMakeTmp/CMakeFiles 1
Building C object CMakeFiles/cmTryCompileExec3139535898.dir/CheckFunctionExists.c.o
/usr/bin/cc   -Wall -Wno-write-strings -Wno-format-extra-args -Winline -Wno-unused-result -Wno-format -std=c99 -D_GNU_SOURCE -g -DCHECK_FUNCTION_EXISTS=volk_32f_index_max_16u   -o CMakeFiles/cmTryCompileExec3139535898.dir/CheckFunctionExists.c.o   -c /home/orange/srslte_m/cmake/modules/CheckFunctionExists.c
/home/orange/srslte_m/cmake/modules/CheckFunctionExists.c: In function ‘main’:
/home/orange/srslte_m/cmake/modules/CheckFunctionExists.c:12:3: warning: implicit declaration of function ‘sqrtf’ [-Wimplicit-function-declaration]
   float ac2 = sqrtf(rand());
   ^
/home/orange/srslte_m/cmake/modules/CheckFunctionExists.c:12:15: warning: incompatible implicit declaration of built-in function ‘sqrtf’ [enabled by default]
   float ac2 = sqrtf(rand());
               ^
/home/orange/srslte_m/cmake/modules/CheckFunctionExists.c:12:3: warning: implicit declaration of function ‘rand’ [-Wimplicit-function-declaration]
   float ac2 = sqrtf(rand());
   ^
Linking C executable cmTryCompileExec3139535898
/usr/bin/cmake -E cmake_link_script CMakeFiles/cmTryCompileExec3139535898.dir/link.txt --verbose=1
/usr/bin/cc   -Wall -Wno-write-strings -Wno-format-extra-args -Winline -Wno-unused-result -Wno-format -std=c99 -D_GNU_SOURCE -g -DCHECK_FUNCTION_EXISTS=volk_32f_index_max_16u    CMakeFiles/cmTryCompileExec3139535898.dir/CheckFunctionExists.c.o  -o cmTryCompileExec3139535898 -rdynamic -lvolk -lm 
make[1]: Leaving directory `/home/orange/srslte_m/build/CMakeFiles/CMakeTmp'


Determining if the function volk_32f_accumulator_s32f exists passed with the following output:
Change Dir: /home/orange/srslte_m/build/CMakeFiles/CMakeTmp

Run Build Command:/usr/bin/make "cmTryCompileExec1948565838/fast"
/usr/bin/make -f CMakeFiles/cmTryCompileExec1948565838.dir/build.make CMakeFiles/cmTryCompileExec1948565838.dir/build
make[1]: Entering directory `/home/orange/srslte_m/build/CMakeFiles/CMakeTmp'
/usr/bin/cmake -E cmake_progress_report /home/orange/srslte_m/build/CMakeFiles/CMakeTmp/CMakeFiles 1
Building C object CMakeFiles/cmTryCompileExec1948565838.dir/CheckFunctionExists.c.o
/usr/bin/cc   -Wall -Wno-write-strings -Wno-format-extra-args -Winline -Wno-unused-result -Wno-format -std=c99 -D_GNU_SOURCE -g -DCHECK_FUNCTION_EXISTS=volk_32f_accumulator_s32f   -o CMakeFiles/cmTryCompileExec1948565838.dir/CheckFunctionExists.c.o   -c /home/orange/srslte_m/cmake/modules/CheckFunctionExists.c
/home/orange/srslte_m/cmake/modules/CheckFunctionExists.c: In function ‘main’:
/home/orange/srslte_m/cmake/modules/CheckFunctionExists.c:12:3: warning: implicit declaration of function ‘sqrtf’ [-Wimplicit-function-declaration]
   float ac2 = sqrtf(rand());
   ^
/home/orange/srslte_m/cmake/modules/CheckFunctionExists.c:12:15: warning: incompatible implicit declaration of built-in function ‘sqrtf’ [enabled by default]
   float ac2 = sqrtf(rand());
               ^
/home/orange/srslte_m/cmake/modules/CheckFunctionExists.c:12:3: warning: implicit declaration of function ‘rand’ [-Wimplicit-function-declaration]
   float ac2 = sqrtf(rand());
   ^
Linking C executable cmTryCompileExec1948565838
/usr/bin/cmake -E cmake_link_script CMakeFiles/cmTryCompileExec1948565838.dir/link.txt --verbose=1
/usr/bin/cc   -Wall -Wno-write-strings -Wno-format-extra-args -Winline -Wno-unused-result -Wno-format -std=c99 -D_GNU_SOURCE -g -DCHECK_FUNCTION_EXISTS=volk_32f_accumulator_s32f    CMakeFiles/cmTryCompileExec1948565838.dir/CheckFunctionExists.c.o  -o cmTryCompileExec1948565838 -rdynamic -lvolk -lm 
make[1]: Leaving directory `/home/orange/srslte_m/build/CMakeFiles/CMakeTmp'


Determining if the function volk_32fc_s32fc_multiply_32fc exists passed with the following output:
Change Dir: /home/orange/srslte_m/build/CMakeFiles/CMakeTmp

Run Build Command:/usr/bin/make "cmTryCompileExec3392240272/fast"
/usr/bin/make -f CMakeFiles/cmTryCompileExec3392240272.dir/build.make CMakeFiles/cmTryCompileExec3392240272.dir/build
make[1]: Entering directory `/home/orange/srslte_m/build/CMakeFiles/CMakeTmp'
/usr/bin/cmake -E cmake_progress_report /home/orange/srslte_m/build/CMakeFiles/CMakeTmp/CMakeFiles 1
Building C object CMakeFiles/cmTryCompileExec3392240272.dir/CheckFunctionExists.c.o
/usr/bin/cc   -Wall -Wno-write-strings -Wno-format-extra-args -Winline -Wno-unused-result -Wno-format -std=c99 -D_GNU_SOURCE -g -DCHECK_FUNCTION_EXISTS=volk_32fc_s32fc_multiply_32fc   -o CMakeFiles/cmTryCompileExec3392240272.dir/CheckFunctionExists.c.o   -c /home/orange/srslte_m/cmake/modules/CheckFunctionExists.c
/home/orange/srslte_m/cmake/modules/CheckFunctionExists.c: In function ‘main’:
/home/orange/srslte_m/cmake/modules/CheckFunctionExists.c:12:3: warning: implicit declaration of function ‘sqrtf’ [-Wimplicit-function-declaration]
   float ac2 = sqrtf(rand());
   ^
/home/orange/srslte_m/cmake/modules/CheckFunctionExists.c:12:15: warning: incompatible implicit declaration of built-in function ‘sqrtf’ [enabled by default]
   float ac2 = sqrtf(rand());
               ^
/home/orange/srslte_m/cmake/modules/CheckFunctionExists.c:12:3: warning: implicit declaration of function ‘rand’ [-Wimplicit-function-declaration]
   float ac2 = sqrtf(rand());
   ^
Linking C executable cmTryCompileExec3392240272
/usr/bin/cmake -E cmake_link_script CMakeFiles/cmTryCompileExec3392240272.dir/link.txt --verbose=1
/usr/bin/cc   -Wall -Wno-write-strings -Wno-format-extra-args -Winline -Wno-unused-result -Wno-format -std=c99 -D_GNU_SOURCE -g -DCHECK_FUNCTION_EXISTS=volk_32fc_s32fc_multiply_32fc    CMakeFiles/cmTryCompileExec3392240272.dir/CheckFunctionExists.c.o  -o cmTryCompileExec3392240272 -rdynamic -lvolk -lm 
make[1]: Leaving directory `/home/orange/srslte_m/build/CMakeFiles/CMakeTmp'


Determining if the function volk_32fc_conjugate_32fc exists passed with the following output:
Change Dir: /home/orange/srslte_m/build/CMakeFiles/CMakeTmp

Run Build Command:/usr/bin/make "cmTryCompileExec3670048093/fast"
/usr/bin/make -f CMakeFiles/cmTryCompileExec3670048093.dir/build.make CMakeFiles/cmTryCompileExec3670048093.dir/build
make[1]: Entering directory `/home/orange/srslte_m/build/CMakeFiles/CMakeTmp'
/usr/bin/cmake -E cmake_progress_report /home/orange/srslte_m/build/CMakeFiles/CMakeTmp/CMakeFiles 1
Building C object CMakeFiles/cmTryCompileExec3670048093.dir/CheckFunctionExists.c.o
/usr/bin/cc   -Wall -Wno-write-strings -Wno-format-extra-args -Winline -Wno-unused-result -Wno-format -std=c99 -D_GNU_SOURCE -g -DCHECK_FUNCTION_EXISTS=volk_32fc_conjugate_32fc   -o CMakeFiles/cmTryCompileExec3670048093.dir/CheckFunctionExists.c.o   -c /home/orange/srslte_m/cmake/modules/CheckFunctionExists.c
/home/orange/srslte_m/cmake/modules/CheckFunctionExists.c: In function ‘main’:
/home/orange/srslte_m/cmake/modules/CheckFunctionExists.c:12:3: warning: implicit declaration of function ‘sqrtf’ [-Wimplicit-function-declaration]
   float ac2 = sqrtf(rand());
   ^
/home/orange/srslte_m/cmake/modules/CheckFunctionExists.c:12:15: warning: incompatible implicit declaration of built-in function ‘sqrtf’ [enabled by default]
   float ac2 = sqrtf(rand());
               ^
/home/orange/srslte_m/cmake/modules/CheckFunctionExists.c:12:3: warning: implicit declaration of function ‘rand’ [-Wimplicit-function-declaration]
   float ac2 = sqrtf(rand());
   ^
Linking C executable cmTryCompileExec3670048093
/usr/bin/cmake -E cmake_link_script CMakeFiles/cmTryCompileExec3670048093.dir/link.txt --verbose=1
/usr/bin/cc   -Wall -Wno-write-strings -Wno-format-extra-args -Winline -Wno-unused-result -Wno-format -std=c99 -D_GNU_SOURCE -g -DCHECK_FUNCTION_EXISTS=volk_32fc_conjugate_32fc    CMakeFiles/cmTryCompileExec3670048093.dir/CheckFunctionExists.c.o  -o cmTryCompileExec3670048093 -rdynamic -lvolk -lm 
make[1]: Leaving directory `/home/orange/srslte_m/build/CMakeFiles/CMakeTmp'


Determining if the function volk_32fc_x2_multiply_32fc exists passed with the following output:
Change Dir: /home/orange/srslte_m/build/CMakeFiles/CMakeTmp

Run Build Command:/usr/bin/make "cmTryCompileExec628796209/fast"
/usr/bin/make -f CMakeFiles/cmTryCompileExec628796209.dir/build.make CMakeFiles/cmTryCompileExec628796209.dir/build
make[1]: Entering directory `/home/orange/srslte_m/build/CMakeFiles/CMakeTmp'
/usr/bin/cmake -E cmake_progress_report /home/orange/srslte_m/build/CMakeFiles/CMakeTmp/CMakeFiles 1
Building C object CMakeFiles/cmTryCompileExec628796209.dir/CheckFunctionExists.c.o
/usr/bin/cc   -Wall -Wno-write-strings -Wno-format-extra-args -Winline -Wno-unused-result -Wno-format -std=c99 -D_GNU_SOURCE -g -DCHECK_FUNCTION_EXISTS=volk_32fc_x2_multiply_32fc   -o CMakeFiles/cmTryCompileExec628796209.dir/CheckFunctionExists.c.o   -c /home/orange/srslte_m/cmake/modules/CheckFunctionExists.c
/home/orange/srslte_m/cmake/modules/CheckFunctionExists.c: In function ‘main’:
/home/orange/srslte_m/cmake/modules/CheckFunctionExists.c:12:3: warning: implicit declaration of function ‘sqrtf’ [-Wimplicit-function-declaration]
   float ac2 = sqrtf(rand());
   ^
/home/orange/srslte_m/cmake/modules/CheckFunctionExists.c:12:15: warning: incompatible implicit declaration of built-in function ‘sqrtf’ [enabled by default]
   float ac2 = sqrtf(rand());
               ^
/home/orange/srslte_m/cmake/modules/CheckFunctionExists.c:12:3: warning: implicit declaration of function ‘rand’ [-Wimplicit-function-declaration]
   float ac2 = sqrtf(rand());
   ^
Linking C executable cmTryCompileExec628796209
/usr/bin/cmake -E cmake_link_script CMakeFiles/cmTryCompileExec628796209.dir/link.txt --verbose=1
/usr/bin/cc   -Wall -Wno-write-strings -Wno-format-extra-args -Winline -Wno-unused-result -Wno-format -std=c99 -D_GNU_SOURCE -g -DCHECK_FUNCTION_EXISTS=volk_32fc_x2_multiply_32fc    CMakeFiles/cmTryCompileExec628796209.dir/CheckFunctionExists.c.o  -o cmTryCompileExec628796209 -rdynamic -lvolk -lm 
make[1]: Leaving directory `/home/orange/srslte_m/build/CMakeFiles/CMakeTmp'


Determining if the function volk_32fc_x2_multiply_conjugate_32fc exists passed with the following output:
Change Dir: /home/orange/srslte_m/build/CMakeFiles/CMakeTmp

Run Build Command:/usr/bin/make "cmTryCompileExec3910324112/fast"
/usr/bin/make -f CMakeFiles/cmTryCompileExec3910324112.dir/build.make CMakeFiles/cmTryCompileExec3910324112.dir/build
make[1]: Entering directory `/home/orange/srslte_m/build/CMakeFiles/CMakeTmp'
/usr/bin/cmake -E cmake_progress_report /home/orange/srslte_m/build/CMakeFiles/CMakeTmp/CMakeFiles 1
Building C object CMakeFiles/cmTryCompileExec3910324112.dir/CheckFunctionExists.c.o
/usr/bin/cc   -Wall -Wno-write-strings -Wno-format-extra-args -Winline -Wno-unused-result -Wno-format -std=c99 -D_GNU_SOURCE -g -DCHECK_FUNCTION_EXISTS=volk_32fc_x2_multiply_conjugate_32fc   -o CMakeFiles/cmTryCompileExec3910324112.dir/CheckFunctionExists.c.o   -c /home/orange/srslte_m/cmake/modules/CheckFunctionExists.c
/home/orange/srslte_m/cmake/modules/CheckFunctionExists.c: In function ‘main’:
/home/orange/srslte_m/cmake/modules/CheckFunctionExists.c:12:3: warning: implicit declaration of function ‘sqrtf’ [-Wimplicit-function-declaration]
   float ac2 = sqrtf(rand());
   ^
/home/orange/srslte_m/cmake/modules/CheckFunctionExists.c:12:15: warning: incompatible implicit declaration of built-in function ‘sqrtf’ [enabled by default]
   float ac2 = sqrtf(rand());
               ^
/home/orange/srslte_m/cmake/modules/CheckFunctionExists.c:12:3: warning: implicit declaration of function ‘rand’ [-Wimplicit-function-declaration]
   float ac2 = sqrtf(rand());
   ^
Linking C executable cmTryCompileExec3910324112
/usr/bin/cmake -E cmake_link_script CMakeFiles/cmTryCompileExec3910324112.dir/link.txt --verbose=1
/usr/bin/cc   -Wall -Wno-write-strings -Wno-format-extra-args -Winline -Wno-unused-result -Wno-format -std=c99 -D_GNU_SOURCE -g -DCHECK_FUNCTION_EXISTS=volk_32fc_x2_multiply_conjugate_32fc    CMakeFiles/cmTryCompileExec3910324112.dir/CheckFunctionExists.c.o  -o cmTryCompileExec3910324112 -rdynamic -lvolk -lm 
make[1]: Leaving directory `/home/orange/srslte_m/build/CMakeFiles/CMakeTmp'


Determining if the function volk_32fc_32f_multiply_32fc exists passed with the following output:
Change Dir: /home/orange/srslte_m/build/CMakeFiles/CMakeTmp

Run Build Command:/usr/bin/make "cmTryCompileExec579674828/fast"
/usr/bin/make -f CMakeFiles/cmTryCompileExec579674828.dir/build.make CMakeFiles/cmTryCompileExec579674828.dir/build
make[1]: Entering directory `/home/orange/srslte_m/build/CMakeFiles/CMakeTmp'
/usr/bin/cmake -E cmake_progress_report /home/orange/srslte_m/build/CMakeFiles/CMakeTmp/CMakeFiles 1
Building C object CMakeFiles/cmTryCompileExec579674828.dir/CheckFunctionExists.c.o
/usr/bin/cc   -Wall -Wno-write-strings -Wno-format-extra-args -Winline -Wno-unused-result -Wno-format -std=c99 -D_GNU_SOURCE -g -DCHECK_FUNCTION_EXISTS=volk_32fc_32f_multiply_32fc   -o CMakeFiles/cmTryCompileExec579674828.dir/CheckFunctionExists.c.o   -c /home/orange/srslte_m/cmake/modules/CheckFunctionExists.c
/home/orange/srslte_m/cmake/modules/CheckFunctionExists.c: In function ‘main’:
/home/orange/srslte_m/cmake/modules/CheckFunctionExists.c:12:3: warning: implicit declaration of function ‘sqrtf’ [-Wimplicit-function-declaration]
   float ac2 = sqrtf(rand());
   ^
/home/orange/srslte_m/cmake/modules/CheckFunctionExists.c:12:15: warning: incompatible implicit declaration of built-in function ‘sqrtf’ [enabled by default]
   float ac2 = sqrtf(rand());
               ^
/home/orange/srslte_m/cmake/modules/CheckFunctionExists.c:12:3: warning: implicit declaration of function ‘rand’ [-Wimplicit-function-declaration]
   float ac2 = sqrtf(rand());
   ^
Linking C executable cmTryCompileExec579674828
/usr/bin/cmake -E cmake_link_script CMakeFiles/cmTryCompileExec579674828.dir/link.txt --verbose=1
/usr/bin/cc   -Wall -Wno-write-strings -Wno-format-extra-args -Winline -Wno-unused-result -Wno-format -std=c99 -D_GNU_SOURCE -g -DCHECK_FUNCTION_EXISTS=volk_32fc_32f_multiply_32fc    CMakeFiles/cmTryCompileExec579674828.dir/CheckFunctionExists.c.o  -o cmTryCompileExec579674828 -rdynamic -lvolk -lm 
make[1]: Leaving directory `/home/orange/srslte_m/build/CMakeFiles/CMakeTmp'


Determining if the function volk_32f_s32f_multiply_32f exists passed with the following output:
Change Dir: /home/orange/srslte_m/build/CMakeFiles/CMakeTmp

Run Build Command:/usr/bin/make "cmTryCompileExec1231904318/fast"
/usr/bin/make -f CMakeFiles/cmTryCompileExec1231904318.dir/build.make CMakeFiles/cmTryCompileExec1231904318.dir/build
make[1]: Entering directory `/home/orange/srslte_m/build/CMakeFiles/CMakeTmp'
/usr/bin/cmake -E cmake_progress_report /home/orange/srslte_m/build/CMakeFiles/CMakeTmp/CMakeFiles 1
Building C object CMakeFiles/cmTryCompileExec1231904318.dir/CheckFunctionExists.c.o
/usr/bin/cc   -Wall -Wno-write-strings -Wno-format-extra-args -Winline -Wno-unused-result -Wno-format -std=c99 -D_GNU_SOURCE -g -DCHECK_FUNCTION_EXISTS=volk_32f_s32f_multiply_32f   -o CMakeFiles/cmTryCompileExec1231904318.dir/CheckFunctionExists.c.o   -c /home/orange/srslte_m/cmake/modules/CheckFunctionExists.c
/home/orange/srslte_m/cmake/modules/CheckFunctionExists.c: In function ‘main’:
/home/orange/srslte_m/cmake/modules/CheckFunctionExists.c:12:3: warning: implicit declaration of function ‘sqrtf’ [-Wimplicit-function-declaration]
   float ac2 = sqrtf(rand());
   ^
/home/orange/srslte_m/cmake/modules/CheckFunctionExists.c:12:15: warning: incompatible implicit declaration of built-in function ‘sqrtf’ [enabled by default]
   float ac2 = sqrtf(rand());
               ^
/home/orange/srslte_m/cmake/modules/CheckFunctionExists.c:12:3: warning: implicit declaration of function ‘rand’ [-Wimplicit-function-declaration]
   float ac2 = sqrtf(rand());
   ^
Linking C executable cmTryCompileExec1231904318
/usr/bin/cmake -E cmake_link_script CMakeFiles/cmTryCompileExec1231904318.dir/link.txt --verbose=1
/usr/bin/cc   -Wall -Wno-write-strings -Wno-format-extra-args -Winline -Wno-unused-result -Wno-format -std=c99 -D_GNU_SOURCE -g -DCHECK_FUNCTION_EXISTS=volk_32f_s32f_multiply_32f    CMakeFiles/cmTryCompileExec1231904318.dir/CheckFunctionExists.c.o  -o cmTryCompileExec1231904318 -rdynamic -lvolk -lm 
make[1]: Leaving directory `/home/orange/srslte_m/build/CMakeFiles/CMakeTmp'


Determining if the function volk_32fc_magnitude_32f exists passed with the following output:
Change Dir: /home/orange/srslte_m/build/CMakeFiles/CMakeTmp

Run Build Command:/usr/bin/make "cmTryCompileExec2506212501/fast"
/usr/bin/make -f CMakeFiles/cmTryCompileExec2506212501.dir/build.make CMakeFiles/cmTryCompileExec2506212501.dir/build
make[1]: Entering directory `/home/orange/srslte_m/build/CMakeFiles/CMakeTmp'
/usr/bin/cmake -E cmake_progress_report /home/orange/srslte_m/build/CMakeFiles/CMakeTmp/CMakeFiles 1
Building C object CMakeFiles/cmTryCompileExec2506212501.dir/CheckFunctionExists.c.o
/usr/bin/cc   -Wall -Wno-write-strings -Wno-format-extra-args -Winline -Wno-unused-result -Wno-format -std=c99 -D_GNU_SOURCE -g -DCHECK_FUNCTION_EXISTS=volk_32fc_magnitude_32f   -o CMakeFiles/cmTryCompileExec2506212501.dir/CheckFunctionExists.c.o   -c /home/orange/srslte_m/cmake/modules/CheckFunctionExists.c
/home/orange/srslte_m/cmake/modules/CheckFunctionExists.c: In function ‘main’:
/home/orange/srslte_m/cmake/modules/CheckFunctionExists.c:12:3: warning: implicit declaration of function ‘sqrtf’ [-Wimplicit-function-declaration]
   float ac2 = sqrtf(rand());
   ^
/home/orange/srslte_m/cmake/modules/CheckFunctionExists.c:12:15: warning: incompatible implicit declaration of built-in function ‘sqrtf’ [enabled by default]
   float ac2 = sqrtf(rand());
               ^
/home/orange/srslte_m/cmake/modules/CheckFunctionExists.c:12:3: warning: implicit declaration of function ‘rand’ [-Wimplicit-function-declaration]
   float ac2 = sqrtf(rand());
   ^
Linking C executable cmTryCompileExec2506212501
/usr/bin/cmake -E cmake_link_script CMakeFiles/cmTryCompileExec2506212501.dir/link.txt --verbose=1
/usr/bin/cc   -Wall -Wno-write-strings -Wno-format-extra-args -Winline -Wno-unused-result -Wno-format -std=c99 -D_GNU_SOURCE -g -DCHECK_FUNCTION_EXISTS=volk_32fc_magnitude_32f    CMakeFiles/cmTryCompileExec2506212501.dir/CheckFunctionExists.c.o  -o cmTryCompileExec2506212501 -rdynamic -lvolk -lm 
make[1]: Leaving directory `/home/orange/srslte_m/build/CMakeFiles/CMakeTmp'


Determining if the function volk_32f_x2_divide_32f exists passed with the following output:
Change Dir: /home/orange/srslte_m/build/CMakeFiles/CMakeTmp

Run Build Command:/usr/bin/make "cmTryCompileExec493214251/fast"
/usr/bin/make -f CMakeFiles/cmTryCompileExec493214251.dir/build.make CMakeFiles/cmTryCompileExec493214251.dir/build
make[1]: Entering directory `/home/orange/srslte_m/build/CMakeFiles/CMakeTmp'
/usr/bin/cmake -E cmake_progress_report /home/orange/srslte_m/build/CMakeFiles/CMakeTmp/CMakeFiles 1
Building C object CMakeFiles/cmTryCompileExec493214251.dir/CheckFunctionExists.c.o
/usr/bin/cc   -Wall -Wno-write-strings -Wno-format-extra-args -Winline -Wno-unused-result -Wno-format -std=c99 -D_GNU_SOURCE -g -DCHECK_FUNCTION_EXISTS=volk_32f_x2_divide_32f   -o CMakeFiles/cmTryCompileExec493214251.dir/CheckFunctionExists.c.o   -c /home/orange/srslte_m/cmake/modules/CheckFunctionExists.c
/home/orange/srslte_m/cmake/modules/CheckFunctionExists.c: In function ‘main’:
/home/orange/srslte_m/cmake/modules/CheckFunctionExists.c:12:3: warning: implicit declaration of function ‘sqrtf’ [-Wimplicit-function-declaration]
   float ac2 = sqrtf(rand());
   ^
/home/orange/srslte_m/cmake/modules/CheckFunctionExists.c:12:15: warning: incompatible implicit declaration of built-in function ‘sqrtf’ [enabled by default]
   float ac2 = sqrtf(rand());
               ^
/home/orange/srslte_m/cmake/modules/CheckFunctionExists.c:12:3: warning: implicit declaration of function ‘rand’ [-Wimplicit-function-declaration]
   float ac2 = sqrtf(rand());
   ^
Linking C executable cmTryCompileExec493214251
/usr/bin/cmake -E cmake_link_script CMakeFiles/cmTryCompileExec493214251.dir/link.txt --verbose=1
/usr/bin/cc   -Wall -Wno-write-strings -Wno-format-extra-args -Winline -Wno-unused-result -Wno-format -std=c99 -D_GNU_SOURCE -g -DCHECK_FUNCTION_EXISTS=volk_32f_x2_divide_32f    CMakeFiles/cmTryCompileExec493214251.dir/CheckFunctionExists.c.o  -o cmTryCompileExec493214251 -rdynamic -lvolk -lm 
make[1]: Leaving directory `/home/orange/srslte_m/build/CMakeFiles/CMakeTmp'


Determining if the function volk_32fc_32f_dot_prod_32fc exists passed with the following output:
Change Dir: /home/orange/srslte_m/build/CMakeFiles/CMakeTmp

Run Build Command:/usr/bin/make "cmTryCompileExec285988120/fast"
/usr/bin/make -f CMakeFiles/cmTryCompileExec285988120.dir/build.make CMakeFiles/cmTryCompileExec285988120.dir/build
make[1]: Entering directory `/home/orange/srslte_m/build/CMakeFiles/CMakeTmp'
/usr/bin/cmake -E cmake_progress_report /home/orange/srslte_m/build/CMakeFiles/CMakeTmp/CMakeFiles 1
Building C object CMakeFiles/cmTryCompileExec285988120.dir/CheckFunctionExists.c.o
/usr/bin/cc   -Wall -Wno-write-strings -Wno-format-extra-args -Winline -Wno-unused-result -Wno-format -std=c99 -D_GNU_SOURCE -g -DCHECK_FUNCTION_EXISTS=volk_32fc_32f_dot_prod_32fc   -o CMakeFiles/cmTryCompileExec285988120.dir/CheckFunctionExists.c.o   -c /home/orange/srslte_m/cmake/modules/CheckFunctionExists.c
/home/orange/srslte_m/cmake/modules/CheckFunctionExists.c: In function ‘main’:
/home/orange/srslte_m/cmake/modules/CheckFunctionExists.c:12:3: warning: implicit declaration of function ‘sqrtf’ [-Wimplicit-function-declaration]
   float ac2 = sqrtf(rand());
   ^
/home/orange/srslte_m/cmake/modules/CheckFunctionExists.c:12:15: warning: incompatible implicit declaration of built-in function ‘sqrtf’ [enabled by default]
   float ac2 = sqrtf(rand());
               ^
/home/orange/srslte_m/cmake/modules/CheckFunctionExists.c:12:3: warning: implicit declaration of function ‘rand’ [-Wimplicit-function-declaration]
   float ac2 = sqrtf(rand());
   ^
Linking C executable cmTryCompileExec285988120
/usr/bin/cmake -E cmake_link_script CMakeFiles/cmTryCompileExec285988120.dir/link.txt --verbose=1
/usr/bin/cc   -Wall -Wno-write-strings -Wno-format-extra-args -Winline -Wno-unused-result -Wno-format -std=c99 -D_GNU_SOURCE -g -DCHECK_FUNCTION_EXISTS=volk_32fc_32f_dot_prod_32fc    CMakeFiles/cmTryCompileExec285988120.dir/CheckFunctionExists.c.o  -o cmTryCompileExec285988120 -rdynamic -lvolk -lm 
make[1]: Leaving directory `/home/orange/srslte_m/build/CMakeFiles/CMakeTmp'


Determining if the function volk_32fc_x2_conjugate_dot_prod_32fc exists passed with the following output:
Change Dir: /home/orange/srslte_m/build/CMakeFiles/CMakeTmp

Run Build Command:/usr/bin/make "cmTryCompileExec2266058498/fast"
/usr/bin/make -f CMakeFiles/cmTryCompileExec2266058498.dir/build.make CMakeFiles/cmTryCompileExec2266058498.dir/build
make[1]: Entering directory `/home/orange/srslte_m/build/CMakeFiles/CMakeTmp'
/usr/bin/cmake -E cmake_progress_report /home/orange/srslte_m/build/CMakeFiles/CMakeTmp/CMakeFiles 1
Building C object CMakeFiles/cmTryCompileExec2266058498.dir/CheckFunctionExists.c.o
/usr/bin/cc   -Wall -Wno-write-strings -Wno-format-extra-args -Winline -Wno-unused-result -Wno-format -std=c99 -D_GNU_SOURCE -g -DCHECK_FUNCTION_EXISTS=volk_32fc_x2_conjugate_dot_prod_32fc   -o CMakeFiles/cmTryCompileExec2266058498.dir/CheckFunctionExists.c.o   -c /home/orange/srslte_m/cmake/modules/CheckFunctionExists.c
/home/orange/srslte_m/cmake/modules/CheckFunctionExists.c: In function ‘main’:
/home/orange/srslte_m/cmake/modules/CheckFunctionExists.c:12:3: warning: implicit declaration of function ‘sqrtf’ [-Wimplicit-function-declaration]
   float ac2 = sqrtf(rand());
   ^
/home/orange/srslte_m/cmake/modules/CheckFunctionExists.c:12:15: warning: incompatible implicit declaration of built-in function ‘sqrtf’ [enabled by default]
   float ac2 = sqrtf(rand());
               ^
/home/orange/srslte_m/cmake/modules/CheckFunctionExists.c:12:3: warning: implicit declaration of function ‘rand’ [-Wimplicit-function-declaration]
   float ac2 = sqrtf(rand());
   ^
Linking C executable cmTryCompileExec2266058498
/usr/bin/cmake -E cmake_link_script CMakeFiles/cmTryCompileExec2266058498.dir/link.txt --verbose=1
/usr/bin/cc   -Wall -Wno-write-strings -Wno-format-extra-args -Winline -Wno-unused-result -Wno-format -std=c99 -D_GNU_SOURCE -g -DCHECK_FUNCTION_EXISTS=volk_32fc_x2_conjugate_dot_prod_32fc    CMakeFiles/cmTryCompileExec2266058498.dir/CheckFunctionExists.c.o  -o cmTryCompileExec2266058498 -rdynamic -lvolk -lm 
make[1]: Leaving directory `/home/orange/srslte_m/build/CMakeFiles/CMakeTmp'


Determining if the function volk_32f_x2_dot_prod_32f exists passed with the following output:
Change Dir: /home/orange/srslte_m/build/CMakeFiles/CMakeTmp

Run Build Command:/usr/bin/make "cmTryCompileExec1687796266/fast"
/usr/bin/make -f CMakeFiles/cmTryCompileExec1687796266.dir/build.make CMakeFiles/cmTryCompileExec1687796266.dir/build
make[1]: Entering directory `/home/orange/srslte_m/build/CMakeFiles/CMakeTmp'
/usr/bin/cmake -E cmake_progress_report /home/orange/srslte_m/build/CMakeFiles/CMakeTmp/CMakeFiles 1
Building C object CMakeFiles/cmTryCompileExec1687796266.dir/CheckFunctionExists.c.o
/usr/bin/cc   -Wall -Wno-write-strings -Wno-format-extra-args -Winline -Wno-unused-result -Wno-format -std=c99 -D_GNU_SOURCE -g -DCHECK_FUNCTION_EXISTS=volk_32f_x2_dot_prod_32f   -o CMakeFiles/cmTryCompileExec1687796266.dir/CheckFunctionExists.c.o   -c /home/orange/srslte_m/cmake/modules/CheckFunctionExists.c
/home/orange/srslte_m/cmake/modules/CheckFunctionExists.c: In function ‘main’:
/home/orange/srslte_m/cmake/modules/CheckFunctionExists.c:12:3: warning: implicit declaration of function ‘sqrtf’ [-Wimplicit-function-declaration]
   float ac2 = sqrtf(rand());
   ^
/home/orange/srslte_m/cmake/modules/CheckFunctionExists.c:12:15: warning: incompatible implicit declaration of built-in function ‘sqrtf’ [enabled by default]
   float ac2 = sqrtf(rand());
               ^
/home/orange/srslte_m/cmake/modules/CheckFunctionExists.c:12:3: warning: implicit declaration of function ‘rand’ [-Wimplicit-function-declaration]
   float ac2 = sqrtf(rand());
   ^
Linking C executable cmTryCompileExec1687796266
/usr/bin/cmake -E cmake_link_script CMakeFiles/cmTryCompileExec1687796266.dir/link.txt --verbose=1
/usr/bin/cc   -Wall -Wno-write-strings -Wno-format-extra-args -Winline -Wno-unused-result -Wno-format -std=c99 -D_GNU_SOURCE -g -DCHECK_FUNCTION_EXISTS=volk_32f_x2_dot_prod_32f    CMakeFiles/cmTryCompileExec1687796266.dir/CheckFunctionExists.c.o  -o cmTryCompileExec1687796266 -rdynamic -lvolk -lm 
make[1]: Leaving directory `/home/orange/srslte_m/build/CMakeFiles/CMakeTmp'


Determining if the function volk_32fc_s32f_atan2_32f exists passed with the following output:
Change Dir: /home/orange/srslte_m/build/CMakeFiles/CMakeTmp

Run Build Command:/usr/bin/make "cmTryCompileExec3407441915/fast"
/usr/bin/make -f CMakeFiles/cmTryCompileExec3407441915.dir/build.make CMakeFiles/cmTryCompileExec3407441915.dir/build
make[1]: Entering directory `/home/orange/srslte_m/build/CMakeFiles/CMakeTmp'
/usr/bin/cmake -E cmake_progress_report /home/orange/srslte_m/build/CMakeFiles/CMakeTmp/CMakeFiles 1
Building C object CMakeFiles/cmTryCompileExec3407441915.dir/CheckFunctionExists.c.o
/usr/bin/cc   -Wall -Wno-write-strings -Wno-format-extra-args -Winline -Wno-unused-result -Wno-format -std=c99 -D_GNU_SOURCE -g -DCHECK_FUNCTION_EXISTS=volk_32fc_s32f_atan2_32f   -o CMakeFiles/cmTryCompileExec3407441915.dir/CheckFunctionExists.c.o   -c /home/orange/srslte_m/cmake/modules/CheckFunctionExists.c
/home/orange/srslte_m/cmake/modules/CheckFunctionExists.c: In function ‘main’:
/home/orange/srslte_m/cmake/modules/CheckFunctionExists.c:12:3: warning: implicit declaration of function ‘sqrtf’ [-Wimplicit-function-declaration]
   float ac2 = sqrtf(rand());
   ^
/home/orange/srslte_m/cmake/modules/CheckFunctionExists.c:12:15: warning: incompatible implicit declaration of built-in function ‘sqrtf’ [enabled by default]
   float ac2 = sqrtf(rand());
               ^
/home/orange/srslte_m/cmake/modules/CheckFunctionExists.c:12:3: warning: implicit declaration of function ‘rand’ [-Wimplicit-function-declaration]
   float ac2 = sqrtf(rand());
   ^
Linking C executable cmTryCompileExec3407441915
/usr/bin/cmake -E cmake_link_script CMakeFiles/cmTryCompileExec3407441915.dir/link.txt --verbose=1
/usr/bin/cc   -Wall -Wno-write-strings -Wno-format-extra-args -Winline -Wno-unused-result -Wno-format -std=c99 -D_GNU_SOURCE -g -DCHECK_FUNCTION_EXISTS=volk_32fc_s32f_atan2_32f    CMakeFiles/cmTryCompileExec3407441915.dir/CheckFunctionExists.c.o  -o cmTryCompileExec3407441915 -rdynamic -lvolk -lm 
make[1]: Leaving directory `/home/orange/srslte_m/build/CMakeFiles/CMakeTmp'


Determining if the function volk_32f_s32f_convert_16i exists passed with the following output:
Change Dir: /home/orange/srslte_m/build/CMakeFiles/CMakeTmp

Run Build Command:/usr/bin/make "cmTryCompileExec2782847246/fast"
/usr/bin/make -f CMakeFiles/cmTryCompileExec2782847246.dir/build.make CMakeFiles/cmTryCompileExec2782847246.dir/build
make[1]: Entering directory `/home/orange/srslte_m/build/CMakeFiles/CMakeTmp'
/usr/bin/cmake -E cmake_progress_report /home/orange/srslte_m/build/CMakeFiles/CMakeTmp/CMakeFiles 1
Building C object CMakeFiles/cmTryCompileExec2782847246.dir/CheckFunctionExists.c.o
/usr/bin/cc   -Wall -Wno-write-strings -Wno-format-extra-args -Winline -Wno-unused-result -Wno-format -std=c99 -D_GNU_SOURCE -g -DCHECK_FUNCTION_EXISTS=volk_32f_s32f_convert_16i   -o CMakeFiles/cmTryCompileExec2782847246.dir/CheckFunctionExists.c.o   -c /home/orange/srslte_m/cmake/modules/CheckFunctionExists.c
/home/orange/srslte_m/cmake/modules/CheckFunctionExists.c: In function ‘main’:
/home/orange/srslte_m/cmake/modules/CheckFunctionExists.c:12:3: warning: implicit declaration of function ‘sqrtf’ [-Wimplicit-function-declaration]
   float ac2 = sqrtf(rand());
   ^
/home/orange/srslte_m/cmake/modules/CheckFunctionExists.c:12:15: warning: incompatible implicit declaration of built-in function ‘sqrtf’ [enabled by default]
   float ac2 = sqrtf(rand());
               ^
/home/orange/srslte_m/cmake/modules/CheckFunctionExists.c:12:3: warning: implicit declaration of function ‘rand’ [-Wimplicit-function-declaration]
   float ac2 = sqrtf(rand());
   ^
Linking C executable cmTryCompileExec2782847246
/usr/bin/cmake -E cmake_link_script CMakeFiles/cmTryCompileExec2782847246.dir/link.txt --verbose=1
/usr/bin/cc   -Wall -Wno-write-strings -Wno-format-extra-args -Winline -Wno-unused-result -Wno-format -std=c99 -D_GNU_SOURCE -g -DCHECK_FUNCTION_EXISTS=volk_32f_s32f_convert_16i    CMakeFiles/cmTryCompileExec2782847246.dir/CheckFunctionExists.c.o  -o cmTryCompileExec2782847246 -rdynamic -lvolk -lm 
make[1]: Leaving directory `/home/orange/srslte_m/build/CMakeFiles/CMakeTmp'


Determining if the function volk_32fc_deinterleave_32f_x2 exists passed with the following output:
Change Dir: /home/orange/srslte_m/build/CMakeFiles/CMakeTmp

Run Build Command:/usr/bin/make "cmTryCompileExec957303475/fast"
/usr/bin/make -f CMakeFiles/cmTryCompileExec957303475.dir/build.make CMakeFiles/cmTryCompileExec957303475.dir/build
make[1]: Entering directory `/home/orange/srslte_m/build/CMakeFiles/CMakeTmp'
/usr/bin/cmake -E cmake_progress_report /home/orange/srslte_m/build/CMakeFiles/CMakeTmp/CMakeFiles 1
Building C object CMakeFiles/cmTryCompileExec957303475.dir/CheckFunctionExists.c.o
/usr/bin/cc   -Wall -Wno-write-strings -Wno-format-extra-args -Winline -Wno-unused-result -Wno-format -std=c99 -D_GNU_SOURCE -g -DCHECK_FUNCTION_EXISTS=volk_32fc_deinterleave_32f_x2   -o CMakeFiles/cmTryCompileExec957303475.dir/CheckFunctionExists.c.o   -c /home/orange/srslte_m/cmake/modules/CheckFunctionExists.c
/home/orange/srslte_m/cmake/modules/CheckFunctionExists.c: In function ‘main’:
/home/orange/srslte_m/cmake/modules/CheckFunctionExists.c:12:3: warning: implicit declaration of function ‘sqrtf’ [-Wimplicit-function-declaration]
   float ac2 = sqrtf(rand());
   ^
/home/orange/srslte_m/cmake/modules/CheckFunctionExists.c:12:15: warning: incompatible implicit declaration of built-in function ‘sqrtf’ [enabled by default]
   float ac2 = sqrtf(rand());
               ^
/home/orange/srslte_m/cmake/modules/CheckFunctionExists.c:12:3: warning: implicit declaration of function ‘rand’ [-Wimplicit-function-declaration]
   float ac2 = sqrtf(rand());
   ^
Linking C executable cmTryCompileExec957303475
/usr/bin/cmake -E cmake_link_script CMakeFiles/cmTryCompileExec957303475.dir/link.txt --verbose=1
/usr/bin/cc   -Wall -Wno-write-strings -Wno-format-extra-args -Winline -Wno-unused-result -Wno-format -std=c99 -D_GNU_SOURCE -g -DCHECK_FUNCTION_EXISTS=volk_32fc_deinterleave_32f_x2    CMakeFiles/cmTryCompileExec957303475.dir/CheckFunctionExists.c.o  -o cmTryCompileExec957303475 -rdynamic -lvolk -lm 
make[1]: Leaving directory `/home/orange/srslte_m/build/CMakeFiles/CMakeTmp'


Determining if the function volk_32f_x2_subtract_32f exists passed with the following output:
Change Dir: /home/orange/srslte_m/build/CMakeFiles/CMakeTmp

Run Build Command:/usr/bin/make "cmTryCompileExec2132832310/fast"
/usr/bin/make -f CMakeFiles/cmTryCompileExec2132832310.dir/build.make CMakeFiles/cmTryCompileExec2132832310.dir/build
make[1]: Entering directory `/home/orange/srslte_m/build/CMakeFiles/CMakeTmp'
/usr/bin/cmake -E cmake_progress_report /home/orange/srslte_m/build/CMakeFiles/CMakeTmp/CMakeFiles 1
Building C object CMakeFiles/cmTryCompileExec2132832310.dir/CheckFunctionExists.c.o
/usr/bin/cc   -Wall -Wno-write-strings -Wno-format-extra-args -Winline -Wno-unused-result -Wno-format -std=c99 -D_GNU_SOURCE -g -DCHECK_FUNCTION_EXISTS=volk_32f_x2_subtract_32f   -o CMakeFiles/cmTryCompileExec2132832310.dir/CheckFunctionExists.c.o   -c /home/orange/srslte_m/cmake/modules/CheckFunctionExists.c
/home/orange/srslte_m/cmake/modules/CheckFunctionExists.c: In function ‘main’:
/home/orange/srslte_m/cmake/modules/CheckFunctionExists.c:12:3: warning: implicit declaration of function ‘sqrtf’ [-Wimplicit-function-declaration]
   float ac2 = sqrtf(rand());
   ^
/home/orange/srslte_m/cmake/modules/CheckFunctionExists.c:12:15: warning: incompatible implicit declaration of built-in function ‘sqrtf’ [enabled by default]
   float ac2 = sqrtf(rand());
               ^
/home/orange/srslte_m/cmake/modules/CheckFunctionExists.c:12:3: warning: implicit declaration of function ‘rand’ [-Wimplicit-function-declaration]
   float ac2 = sqrtf(rand());
   ^
Linking C executable cmTryCompileExec2132832310
/usr/bin/cmake -E cmake_link_script CMakeFiles/cmTryCompileExec2132832310.dir/link.txt --verbose=1
/usr/bin/cc   -Wall -Wno-write-strings -Wno-format-extra-args -Winline -Wno-unused-result -Wno-format -std=c99 -D_GNU_SOURCE -g -DCHECK_FUNCTION_EXISTS=volk_32f_x2_subtract_32f    CMakeFiles/cmTryCompileExec2132832310.dir/CheckFunctionExists.c.o  -o cmTryCompileExec2132832310 -rdynamic -lvolk -lm 
make[1]: Leaving directory `/home/orange/srslte_m/build/CMakeFiles/CMakeTmp'


Determining if the function volk_32fc_x2_square_dist_32f exists passed with the following output:
Change Dir: /home/orange/srslte_m/build/CMakeFiles/CMakeTmp

Run Build Command:/usr/bin/make "cmTryCompileExec2811073350/fast"
/usr/bin/make -f CMakeFiles/cmTryCompileExec2811073350.dir/build.make CMakeFiles/cmTryCompileExec2811073350.dir/build
make[1]: Entering directory `/home/orange/srslte_m/build/CMakeFiles/CMakeTmp'
/usr/bin/cmake -E cmake_progress_report /home/orange/srslte_m/build/CMakeFiles/CMakeTmp/CMakeFiles 1
Building C object CMakeFiles/cmTryCompileExec2811073350.dir/CheckFunctionExists.c.o
/usr/bin/cc   -Wall -Wno-write-strings -Wno-format-extra-args -Winline -Wno-unused-result -Wno-format -std=c99 -D_GNU_SOURCE -g -DCHECK_FUNCTION_EXISTS=volk_32fc_x2_square_dist_32f   -o CMakeFiles/cmTryCompileExec2811073350.dir/CheckFunctionExists.c.o   -c /home/orange/srslte_m/cmake/modules/CheckFunctionExists.c
/home/orange/srslte_m/cmake/modules/CheckFunctionExists.c: In function ‘main’:
/home/orange/srslte_m/cmake/modules/CheckFunctionExists.c:12:3: warning: implicit declaration of function ‘sqrtf’ [-Wimplicit-function-declaration]
   float ac2 = sqrtf(rand());
   ^
/home/orange/srslte_m/cmake/modules/CheckFunctionExists.c:12:15: warning: incompatible implicit declaration of built-in function ‘sqrtf’ [enabled by default]
   float ac2 = sqrtf(rand());
               ^
/home/orange/srslte_m/cmake/modules/CheckFunctionExists.c:12:3: warning: implicit declaration of function ‘rand’ [-Wimplicit-function-declaration]
   float ac2 = sqrtf(rand());
   ^
Linking C executable cmTryCompileExec2811073350
/usr/bin/cmake -E cmake_link_script CMakeFiles/cmTryCompileExec2811073350.dir/link.txt --verbose=1
/usr/bin/cc   -Wall -Wno-write-strings -Wno-format-extra-args -Winline -Wno-unused-result -Wno-format -std=c99 -D_GNU_SOURCE -g -DCHECK_FUNCTION_EXISTS=volk_32fc_x2_square_dist_32f    CMakeFiles/cmTryCompileExec2811073350.dir/CheckFunctionExists.c.o  -o cmTryCompileExec2811073350 -rdynamic -lvolk -lm 
make[1]: Leaving directory `/home/orange/srslte_m/build/CMakeFiles/CMakeTmp'


Determining if the function volk_32fc_index_max_16u exists passed with the following output:
Change Dir: /home/orange/srslte_m/build/CMakeFiles/CMakeTmp

Run Build Command:/usr/bin/make "cmTryCompileExec1266815797/fast"
/usr/bin/make -f CMakeFiles/cmTryCompileExec1266815797.dir/build.make CMakeFiles/cmTryCompileExec1266815797.dir/build
make[1]: Entering directory `/home/orange/srslte_m/build/CMakeFiles/CMakeTmp'
/usr/bin/cmake -E cmake_progress_report /home/orange/srslte_m/build/CMakeFiles/CMakeTmp/CMakeFiles 1
Building C object CMakeFiles/cmTryCompileExec1266815797.dir/CheckFunctionExists.c.o
/usr/bin/cc   -Wall -Wno-write-strings -Wno-format-extra-args -Winline -Wno-unused-result -Wno-format -std=c99 -D_GNU_SOURCE -g -DCHECK_FUNCTION_EXISTS=volk_32fc_index_max_16u   -o CMakeFiles/cmTryCompileExec1266815797.dir/CheckFunctionExists.c.o   -c /home/orange/srslte_m/cmake/modules/CheckFunctionExists.c
/home/orange/srslte_m/cmake/modules/CheckFunctionExists.c: In function ‘main’:
/home/orange/srslte_m/cmake/modules/CheckFunctionExists.c:12:3: warning: implicit declaration of function ‘sqrtf’ [-Wimplicit-function-declaration]
   float ac2 = sqrtf(rand());
   ^
/home/orange/srslte_m/cmake/modules/CheckFunctionExists.c:12:15: warning: incompatible implicit declaration of built-in function ‘sqrtf’ [enabled by default]
   float ac2 = sqrtf(rand());
               ^
/home/orange/srslte_m/cmake/modules/CheckFunctionExists.c:12:3: warning: implicit declaration of function ‘rand’ [-Wimplicit-function-declaration]
   float ac2 = sqrtf(rand());
   ^
Linking C executable cmTryCompileExec1266815797
/usr/bin/cmake -E cmake_link_script CMakeFiles/cmTryCompileExec1266815797.dir/link.txt --verbose=1
/usr/bin/cc   -Wall -Wno-write-strings -Wno-format-extra-args -Winline -Wno-unused-result -Wno-format -std=c99 -D_GNU_SOURCE -g -DCHECK_FUNCTION_EXISTS=volk_32fc_index_max_16u    CMakeFiles/cmTryCompileExec1266815797.dir/CheckFunctionExists.c.o  -o cmTryCompileExec1266815797 -rdynamic -lvolk -lm 
make[1]: Leaving directory `/home/orange/srslte_m/build/CMakeFiles/CMakeTmp'


Determining if the function volk_32f_x2_max_32f exists passed with the following output:
Change Dir: /home/orange/srslte_m/build/CMakeFiles/CMakeTmp

Run Build Command:/usr/bin/make "cmTryCompileExec2345052655/fast"
/usr/bin/make -f CMakeFiles/cmTryCompileExec2345052655.dir/build.make CMakeFiles/cmTryCompileExec2345052655.dir/build
make[1]: Entering directory `/home/orange/srslte_m/build/CMakeFiles/CMakeTmp'
/usr/bin/cmake -E cmake_progress_report /home/orange/srslte_m/build/CMakeFiles/CMakeTmp/CMakeFiles 1
Building C object CMakeFiles/cmTryCompileExec2345052655.dir/CheckFunctionExists.c.o
/usr/bin/cc   -Wall -Wno-write-strings -Wno-format-extra-args -Winline -Wno-unused-result -Wno-format -std=c99 -D_GNU_SOURCE -g -DCHECK_FUNCTION_EXISTS=volk_32f_x2_max_32f   -o CMakeFiles/cmTryCompileExec2345052655.dir/CheckFunctionExists.c.o   -c /home/orange/srslte_m/cmake/modules/CheckFunctionExists.c
/home/orange/srslte_m/cmake/modules/CheckFunctionExists.c: In function ‘main’:
/home/orange/srslte_m/cmake/modules/CheckFunctionExists.c:12:3: warning: implicit declaration of function ‘sqrtf’ [-Wimplicit-function-declaration]
   float ac2 = sqrtf(rand());
   ^
/home/orange/srslte_m/cmake/modules/CheckFunctionExists.c:12:15: warning: incompatible implicit declaration of built-in function ‘sqrtf’ [enabled by default]
   float ac2 = sqrtf(rand());
               ^
/home/orange/srslte_m/cmake/modules/CheckFunctionExists.c:12:3: warning: implicit declaration of function ‘rand’ [-Wimplicit-function-declaration]
   float ac2 = sqrtf(rand());
   ^
Linking C executable cmTryCompileExec2345052655
/usr/bin/cmake -E cmake_link_script CMakeFiles/cmTryCompileExec2345052655.dir/link.txt --verbose=1
/usr/bin/cc   -Wall -Wno-write-strings -Wno-format-extra-args -Winline -Wno-unused-result -Wno-format -std=c99 -D_GNU_SOURCE -g -DCHECK_FUNCTION_EXISTS=volk_32f_x2_max_32f    CMakeFiles/cmTryCompileExec2345052655.dir/CheckFunctionExists.c.o  -o cmTryCompileExec2345052655 -rdynamic /usr/local/lib/libvolk.so -lm -Wl,-rpath,/usr/local/lib 
make[1]: Leaving directory `/home/orange/srslte_m/build/CMakeFiles/CMakeTmp'


Determining if the function volk_32fc_magnitude_squared_32f exists passed with the following output:
Change Dir: /home/orange/srslte_m/build/CMakeFiles/CMakeTmp

Run Build Command:/usr/bin/make "cmTryCompileExec3836574318/fast"
/usr/bin/make -f CMakeFiles/cmTryCompileExec3836574318.dir/build.make CMakeFiles/cmTryCompileExec3836574318.dir/build
make[1]: Entering directory `/home/orange/srslte_m/build/CMakeFiles/CMakeTmp'
/usr/bin/cmake -E cmake_progress_report /home/orange/srslte_m/build/CMakeFiles/CMakeTmp/CMakeFiles 1
Building C object CMakeFiles/cmTryCompileExec3836574318.dir/CheckFunctionExists.c.o
/usr/bin/cc   -Wall -Wno-write-strings -Wno-format-extra-args -Winline -Wno-unused-result -Wno-format -std=c99 -D_GNU_SOURCE -g -DCHECK_FUNCTION_EXISTS=volk_32fc_magnitude_squared_32f   -o CMakeFiles/cmTryCompileExec3836574318.dir/CheckFunctionExists.c.o   -c /home/orange/srslte_m/cmake/modules/CheckFunctionExists.c
/home/orange/srslte_m/cmake/modules/CheckFunctionExists.c: In function ‘main’:
/home/orange/srslte_m/cmake/modules/CheckFunctionExists.c:12:3: warning: implicit declaration of function ‘sqrtf’ [-Wimplicit-function-declaration]
   float ac2 = sqrtf(rand());
   ^
/home/orange/srslte_m/cmake/modules/CheckFunctionExists.c:12:15: warning: incompatible implicit declaration of built-in function ‘sqrtf’ [enabled by default]
   float ac2 = sqrtf(rand());
               ^
/home/orange/srslte_m/cmake/modules/CheckFunctionExists.c:12:3: warning: implicit declaration of function ‘rand’ [-Wimplicit-function-declaration]
   float ac2 = sqrtf(rand());
   ^
Linking C executable cmTryCompileExec3836574318
/usr/bin/cmake -E cmake_link_script CMakeFiles/cmTryCompileExec3836574318.dir/link.txt --verbose=1
/usr/bin/cc   -Wall -Wno-write-strings -Wno-format-extra-args -Winline -Wno-unused-result -Wno-format -std=c99 -D_GNU_SOURCE -g -DCHECK_FUNCTION_EXISTS=volk_32fc_magnitude_squared_32f    CMakeFiles/cmTryCompileExec3836574318.dir/CheckFunctionExists.c.o  -o cmTryCompileExec3836574318 -rdynamic /usr/local/lib/libvolk.so -lm -Wl,-rpath,/usr/local/lib 
make[1]: Leaving directory `/home/orange/srslte_m/build/CMakeFiles/CMakeTmp'


Determining if the function volk_32fc_32f_dot_prod_32fc exists passed with the following output:
Change Dir: /home/orange/srslte_m/build/CMakeFiles/CMakeTmp

Run Build Command:/usr/bin/make "cmTryCompileExec3288683767/fast"
/usr/bin/make -f CMakeFiles/cmTryCompileExec3288683767.dir/build.make CMakeFiles/cmTryCompileExec3288683767.dir/build
make[1]: Entering directory `/home/orange/srslte_m/build/CMakeFiles/CMakeTmp'
/usr/bin/cmake -E cmake_progress_report /home/orange/srslte_m/build/CMakeFiles/CMakeTmp/CMakeFiles 1
Building C object CMakeFiles/cmTryCompileExec3288683767.dir/CheckFunctionExists.c.o
/usr/bin/cc   -Wall -Wno-write-strings -Wno-format-extra-args -Winline -Wno-unused-result -Wno-format -std=c99 -D_GNU_SOURCE -g -DCHECK_FUNCTION_EXISTS=volk_32fc_32f_dot_prod_32fc   -o CMakeFiles/cmTryCompileExec3288683767.dir/CheckFunctionExists.c.o   -c /home/orange/srslte_m/cmake/modules/CheckFunctionExists.c
/home/orange/srslte_m/cmake/modules/CheckFunctionExists.c: In function ‘main’:
/home/orange/srslte_m/cmake/modules/CheckFunctionExists.c:12:3: warning: implicit declaration of function ‘sqrtf’ [-Wimplicit-function-declaration]
   float ac2 = sqrtf(rand());
   ^
/home/orange/srslte_m/cmake/modules/CheckFunctionExists.c:12:15: warning: incompatible implicit declaration of built-in function ‘sqrtf’ [enabled by default]
   float ac2 = sqrtf(rand());
               ^
/home/orange/srslte_m/cmake/modules/CheckFunctionExists.c:12:3: warning: implicit declaration of function ‘rand’ [-Wimplicit-function-declaration]
   float ac2 = sqrtf(rand());
   ^
Linking C executable cmTryCompileExec3288683767
/usr/bin/cmake -E cmake_link_script CMakeFiles/cmTryCompileExec3288683767.dir/link.txt --verbose=1
/usr/bin/cc   -Wall -Wno-write-strings -Wno-format-extra-args -Winline -Wno-unused-result -Wno-format -std=c99 -D_GNU_SOURCE -g -DCHECK_FUNCTION_EXISTS=volk_32fc_32f_dot_prod_32fc    CMakeFiles/cmTryCompileExec3288683767.dir/CheckFunctionExists.c.o  -o cmTryCompileExec3288683767 -rdynamic /usr/local/lib/libvolk.so -lm -Wl,-rpath,/usr/local/lib 
make[1]: Leaving directory `/home/orange/srslte_m/build/CMakeFiles/CMakeTmp'


Determining if the function volk_32f_x2_interleave_32fc exists passed with the following output:
Change Dir: /home/orange/srslte_m/build/CMakeFiles/CMakeTmp

Run Build Command:/usr/bin/make "cmTryCompileExec3721431881/fast"
/usr/bin/make -f CMakeFiles/cmTryCompileExec3721431881.dir/build.make CMakeFiles/cmTryCompileExec3721431881.dir/build
make[1]: Entering directory `/home/orange/srslte_m/build/CMakeFiles/CMakeTmp'
/usr/bin/cmake -E cmake_progress_report /home/orange/srslte_m/build/CMakeFiles/CMakeTmp/CMakeFiles 1
Building C object CMakeFiles/cmTryCompileExec3721431881.dir/CheckFunctionExists.c.o
/usr/bin/cc   -Wall -Wno-write-strings -Wno-format-extra-args -Winline -Wno-unused-result -Wno-format -std=c99 -D_GNU_SOURCE -g -DCHECK_FUNCTION_EXISTS=volk_32f_x2_interleave_32fc   -o CMakeFiles/cmTryCompileExec3721431881.dir/CheckFunctionExists.c.o   -c /home/orange/srslte_m/cmake/modules/CheckFunctionExists.c
/home/orange/srslte_m/cmake/modules/CheckFunctionExists.c: In function ‘main’:
/home/orange/srslte_m/cmake/modules/CheckFunctionExists.c:12:3: warning: implicit declaration of function ‘sqrtf’ [-Wimplicit-function-declaration]
   float ac2 = sqrtf(rand());
   ^
/home/orange/srslte_m/cmake/modules/CheckFunctionExists.c:12:15: warning: incompatible implicit declaration of built-in function ‘sqrtf’ [enabled by default]
   float ac2 = sqrtf(rand());
               ^
/home/orange/srslte_m/cmake/modules/CheckFunctionExists.c:12:3: warning: implicit declaration of function ‘rand’ [-Wimplicit-function-declaration]
   float ac2 = sqrtf(rand());
   ^
Linking C executable cmTryCompileExec3721431881
/usr/bin/cmake -E cmake_link_script CMakeFiles/cmTryCompileExec3721431881.dir/link.txt --verbose=1
/usr/bin/cc   -Wall -Wno-write-strings -Wno-format-extra-args -Winline -Wno-unused-result -Wno-format -std=c99 -D_GNU_SOURCE -g -DCHECK_FUNCTION_EXISTS=volk_32f_x2_interleave_32fc    CMakeFiles/cmTryCompileExec3721431881.dir/CheckFunctionExists.c.o  -o cmTryCompileExec3721431881 -rdynamic /usr/local/lib/libvolk.so -lm -Wl,-rpath,/usr/local/lib 
make[1]: Leaving directory `/home/orange/srslte_m/build/CMakeFiles/CMakeTmp'


Determining if the function volk_32f_x2_add_32f exists passed with the following output:
Change Dir: /home/orange/srslte_m/build/CMakeFiles/CMakeTmp

Run Build Command:/usr/bin/make "cmTryCompileExec3893295545/fast"
/usr/bin/make -f CMakeFiles/cmTryCompileExec3893295545.dir/build.make CMakeFiles/cmTryCompileExec3893295545.dir/build
make[1]: Entering directory `/home/orange/srslte_m/build/CMakeFiles/CMakeTmp'
/usr/bin/cmake -E cmake_progress_report /home/orange/srslte_m/build/CMakeFiles/CMakeTmp/CMakeFiles 1
Building C object CMakeFiles/cmTryCompileExec3893295545.dir/CheckFunctionExists.c.o
/usr/bin/cc   -Wall -Wno-write-strings -Wno-format-extra-args -Winline -Wno-unused-result -Wno-format -std=c99 -D_GNU_SOURCE -g -DCHECK_FUNCTION_EXISTS=volk_32f_x2_add_32f   -o CMakeFiles/cmTryCompileExec3893295545.dir/CheckFunctionExists.c.o   -c /home/orange/srslte_m/cmake/modules/CheckFunctionExists.c
/home/orange/srslte_m/cmake/modules/CheckFunctionExists.c: In function ‘main’:
/home/orange/srslte_m/cmake/modules/CheckFunctionExists.c:12:3: warning: implicit declaration of function ‘sqrtf’ [-Wimplicit-function-declaration]
   float ac2 = sqrtf(rand());
   ^
/home/orange/srslte_m/cmake/modules/CheckFunctionExists.c:12:15: warning: incompatible implicit declaration of built-in function ‘sqrtf’ [enabled by default]
   float ac2 = sqrtf(rand());
               ^
/home/orange/srslte_m/cmake/modules/CheckFunctionExists.c:12:3: warning: implicit declaration of function ‘rand’ [-Wimplicit-function-declaration]
   float ac2 = sqrtf(rand());
   ^
Linking C executable cmTryCompileExec3893295545
/usr/bin/cmake -E cmake_link_script CMakeFiles/cmTryCompileExec3893295545.dir/link.txt --verbose=1
/usr/bin/cc   -Wall -Wno-write-strings -Wno-format-extra-args -Winline -Wno-unused-result -Wno-format -std=c99 -D_GNU_SOURCE -g -DCHECK_FUNCTION_EXISTS=volk_32f_x2_add_32f    CMakeFiles/cmTryCompileExec3893295545.dir/CheckFunctionExists.c.o  -o cmTryCompileExec3893295545 -rdynamic /usr/local/lib/libvolk.so -lm -Wl,-rpath,/usr/local/lib 
make[1]: Leaving directory `/home/orange/srslte_m/build/CMakeFiles/CMakeTmp'


